Added Component: Designator=C?(CAP-0805)
Add component. Clean all parameters for all variants
Add component (AddParameter): Name = "Component Type"; Value = "Ceramic Capacitor"; VariantName = "[No Variations]"
Add component (AddParameter): Name = "Man Code"; Value = "CL21B225KAFVPNE"; VariantName = "[No Variations]"
Add component (AddParameter): Name = "Manufacturer"; Value = "Samsung Electro-Mechanics"; VariantName = "[No Variations]"
Add component (AddParameter): Name = "Temperature Coefficient"; Value = "X7R"; VariantName = "[No Variations]"
Add component (AddParameter): Name = "Tolerance"; Value = "%10"; VariantName = "[No Variations]"
Add component (AddParameter): Name = "Value"; Value = "2.2uF"; VariantName = "[No Variations]"
Add component (AddParameter): Name = "Voltage"; Value = "25V"; VariantName = "[No Variations]"
Added Component: Designator=C?(CAP-0805)
Add component. Clean all parameters for all variants
Add component (AddParameter): Name = "Component Type"; Value = "Ceramic Capacitor"; VariantName = "[No Variations]"
Add component (AddParameter): Name = "Man Code"; Value = "CL21B225KAFVPNE"; VariantName = "[No Variations]"
Add component (AddParameter): Name = "Manufacturer"; Value = "Samsung Electro-Mechanics"; VariantName = "[No Variations]"
Add component (AddParameter): Name = "Temperature Coefficient"; Value = "X7R"; VariantName = "[No Variations]"
Add component (AddParameter): Name = "Tolerance"; Value = "%10"; VariantName = "[No Variations]"
Add component (AddParameter): Name = "Value"; Value = "2.2uF"; VariantName = "[No Variations]"
Add component (AddParameter): Name = "Voltage"; Value = "25V"; VariantName = "[No Variations]"
Added Pin To Net: NetName=GND Pin=C?-1
Added Pin To Net: NetName=GND Pin=C?-1
Added Pin To Net: NetName=NetC10_2 Pin=C?-2
Added Pin To Net: NetName=NetC15_2 Pin=C?-2
Change Net Name : Old Net Name=NetC10_2 New Net Name=NetC?_2
Change Net Name : Old Net Name=NetC15_2 New Net Name=NetC?_2
Added Member To Class: ClassName=MCU Member=Component C? 2.2uF
Added Member To Class: ClassName=MCU Member=Component C? 2.2uF
